<?xml version="1.0" encoding="UTF-8"?>
<testsuite xmlns:xsi="http://www.w3.org/2001/XMLSchema-instance" xsi:noNamespaceSchemaLocation="https://maven.apache.org/surefire/maven-surefire-plugin/xsd/surefire-test-report.xsd" name="com.mitocode.calculator.SimpleCalculatorControllerTest" time="3.001" tests="5" errors="0" skipped="0" failures="0">
  <properties>
    <property name="sun.desktop" value="windows"/>
    <property name="awt.toolkit" value="sun.awt.windows.WToolkit"/>
    <property name="file.encoding.pkg" value="sun.io"/>
    <property name="java.specification.version" value="1.8"/>
    <property name="sun.cpu.isalist" value="amd64"/>
    <property name="sun.jnu.encoding" value="Cp1252"/>
    <property name="java.class.path" value="D:\MITOCODE\devops\poyecto final\trabajo-final\app\target\test-classes;D:\MITOCODE\devops\poyecto final\trabajo-final\app\target\classes;C:\Users\jose.guerreror\.m2\repository\org\springframework\boot\spring-boot-starter-web\2.2.4.RELEASE\spring-boot-starter-web-2.2.4.RELEASE.jar;C:\Users\jose.guerreror\.m2\repository\org\springframework\boot\spring-boot-starter\2.2.4.RELEASE\spring-boot-starter-2.2.4.RELEASE.jar;C:\Users\jose.guerreror\.m2\repository\org\springframework\boot\spring-boot\2.2.4.RELEASE\spring-boot-2.2.4.RELEASE.jar;C:\Users\jose.guerreror\.m2\repository\org\springframework\boot\spring-boot-autoconfigure\2.2.4.RELEASE\spring-boot-autoconfigure-2.2.4.RELEASE.jar;C:\Users\jose.guerreror\.m2\repository\org\springframework\boot\spring-boot-starter-logging\2.2.4.RELEASE\spring-boot-starter-logging-2.2.4.RELEASE.jar;C:\Users\jose.guerreror\.m2\repository\ch\qos\logback\logback-classic\1.2.3\logback-classic-1.2.3.jar;C:\Users\jose.guerreror\.m2\repository\ch\qos\logback\logback-core\1.2.3\logback-core-1.2.3.jar;C:\Users\jose.guerreror\.m2\repository\org\apache\logging\log4j\log4j-to-slf4j\2.12.1\log4j-to-slf4j-2.12.1.jar;C:\Users\jose.guerreror\.m2\repository\org\apache\logging\log4j\log4j-api\2.12.1\log4j-api-2.12.1.jar;C:\Users\jose.guerreror\.m2\repository\org\slf4j\jul-to-slf4j\1.7.30\jul-to-slf4j-1.7.30.jar;C:\Users\jose.guerreror\.m2\repository\jakarta\annotation\jakarta.annotation-api\1.3.5\jakarta.annotation-api-1.3.5.jar;C:\Users\jose.guerreror\.m2\repository\org\yaml\snakeyaml\1.25\snakeyaml-1.25.jar;C:\Users\jose.guerreror\.m2\repository\org\springframework\boot\spring-boot-starter-json\2.2.4.RELEASE\spring-boot-starter-json-2.2.4.RELEASE.jar;C:\Users\jose.guerreror\.m2\repository\com\fasterxml\jackson\core\jackson-databind\2.10.2\jackson-databind-2.10.2.jar;C:\Users\jose.guerreror\.m2\repository\com\fasterxml\jackson\core\jackson-core\2.10.2\jackson-core-2.10.2.jar;C:\Users\jose.guerreror\.m2\repository\com\fasterxml\jackson\datatype\jackson-datatype-jdk8\2.10.2\jackson-datatype-jdk8-2.10.2.jar;C:\Users\jose.guerreror\.m2\repository\com\fasterxml\jackson\datatype\jackson-datatype-jsr310\2.10.2\jackson-datatype-jsr310-2.10.2.jar;C:\Users\jose.guerreror\.m2\repository\com\fasterxml\jackson\module\jackson-module-parameter-names\2.10.2\jackson-module-parameter-names-2.10.2.jar;C:\Users\jose.guerreror\.m2\repository\org\springframework\boot\spring-boot-starter-tomcat\2.2.4.RELEASE\spring-boot-starter-tomcat-2.2.4.RELEASE.jar;C:\Users\jose.guerreror\.m2\repository\org\apache\tomcat\embed\tomcat-embed-core\9.0.30\tomcat-embed-core-9.0.30.jar;C:\Users\jose.guerreror\.m2\repository\org\apache\tomcat\embed\tomcat-embed-el\9.0.30\tomcat-embed-el-9.0.30.jar;C:\Users\jose.guerreror\.m2\repository\org\apache\tomcat\embed\tomcat-embed-websocket\9.0.30\tomcat-embed-websocket-9.0.30.jar;C:\Users\jose.guerreror\.m2\repository\org\springframework\boot\spring-boot-starter-validation\2.2.4.RELEASE\spring-boot-starter-validation-2.2.4.RELEASE.jar;C:\Users\jose.guerreror\.m2\repository\jakarta\validation\jakarta.validation-api\2.0.2\jakarta.validation-api-2.0.2.jar;C:\Users\jose.guerreror\.m2\repository\org\hibernate\validator\hibernate-validator\6.0.18.Final\hibernate-validator-6.0.18.Final.jar;C:\Users\jose.guerreror\.m2\repository\org\jboss\logging\jboss-logging\3.4.1.Final\jboss-logging-3.4.1.Final.jar;C:\Users\jose.guerreror\.m2\repository\org\springframework\spring-web\5.2.3.RELEASE\spring-web-5.2.3.RELEASE.jar;C:\Users\jose.guerreror\.m2\repository\org\springframework\spring-beans\5.2.3.RELEASE\spring-beans-5.2.3.RELEASE.jar;C:\Users\jose.guerreror\.m2\repository\org\springframework\spring-webmvc\5.2.3.RELEASE\spring-webmvc-5.2.3.RELEASE.jar;C:\Users\jose.guerreror\.m2\repository\org\springframework\spring-aop\5.2.3.RELEASE\spring-aop-5.2.3.RELEASE.jar;C:\Users\jose.guerreror\.m2\repository\org\springframework\spring-context\5.2.3.RELEASE\spring-context-5.2.3.RELEASE.jar;C:\Users\jose.guerreror\.m2\repository\org\springframework\spring-expression\5.2.3.RELEASE\spring-expression-5.2.3.RELEASE.jar;C:\Users\jose.guerreror\.m2\repository\org\springframework\boot\spring-boot-starter-test\2.1.6.RELEASE\spring-boot-starter-test-2.1.6.RELEASE.jar;C:\Users\jose.guerreror\.m2\repository\org\springframework\boot\spring-boot-test\2.2.4.RELEASE\spring-boot-test-2.2.4.RELEASE.jar;C:\Users\jose.guerreror\.m2\repository\org\springframework\boot\spring-boot-test-autoconfigure\2.2.4.RELEASE\spring-boot-test-autoconfigure-2.2.4.RELEASE.jar;C:\Users\jose.guerreror\.m2\repository\com\jayway\jsonpath\json-path\2.4.0\json-path-2.4.0.jar;C:\Users\jose.guerreror\.m2\repository\net\minidev\json-smart\2.3\json-smart-2.3.jar;C:\Users\jose.guerreror\.m2\repository\net\minidev\accessors-smart\1.2\accessors-smart-1.2.jar;C:\Users\jose.guerreror\.m2\repository\org\ow2\asm\asm\5.0.4\asm-5.0.4.jar;C:\Users\jose.guerreror\.m2\repository\junit\junit\4.12\junit-4.12.jar;C:\Users\jose.guerreror\.m2\repository\org\assertj\assertj-core\3.13.2\assertj-core-3.13.2.jar;C:\Users\jose.guerreror\.m2\repository\org\mockito\mockito-core\3.1.0\mockito-core-3.1.0.jar;C:\Users\jose.guerreror\.m2\repository\net\bytebuddy\byte-buddy\1.10.6\byte-buddy-1.10.6.jar;C:\Users\jose.guerreror\.m2\repository\net\bytebuddy\byte-buddy-agent\1.10.6\byte-buddy-agent-1.10.6.jar;C:\Users\jose.guerreror\.m2\repository\org\objenesis\objenesis\2.6\objenesis-2.6.jar;C:\Users\jose.guerreror\.m2\repository\org\hamcrest\hamcrest-core\2.1\hamcrest-core-2.1.jar;C:\Users\jose.guerreror\.m2\repository\org\hamcrest\hamcrest\2.1\hamcrest-2.1.jar;C:\Users\jose.guerreror\.m2\repository\org\hamcrest\hamcrest-library\2.1\hamcrest-library-2.1.jar;C:\Users\jose.guerreror\.m2\repository\org\skyscreamer\jsonassert\1.5.0\jsonassert-1.5.0.jar;C:\Users\jose.guerreror\.m2\repository\com\vaadin\external\google\android-json\0.0.20131108.vaadin1\android-json-0.0.20131108.vaadin1.jar;C:\Users\jose.guerreror\.m2\repository\org\springframework\spring-core\5.2.3.RELEASE\spring-core-5.2.3.RELEASE.jar;C:\Users\jose.guerreror\.m2\repository\org\springframework\spring-jcl\5.2.3.RELEASE\spring-jcl-5.2.3.RELEASE.jar;C:\Users\jose.guerreror\.m2\repository\org\springframework\spring-test\5.2.3.RELEASE\spring-test-5.2.3.RELEASE.jar;C:\Users\jose.guerreror\.m2\repository\org\xmlunit\xmlunit-core\2.6.3\xmlunit-core-2.6.3.jar;C:\Users\jose.guerreror\.m2\repository\io\swagger\swagger-jersey-jaxrs\1.5.9\swagger-jersey-jaxrs-1.5.9.jar;C:\Users\jose.guerreror\.m2\repository\io\swagger\swagger-jaxrs\1.5.9\swagger-jaxrs-1.5.9.jar;C:\Users\jose.guerreror\.m2\repository\com\fasterxml\jackson\dataformat\jackson-dataformat-yaml\2.10.2\jackson-dataformat-yaml-2.10.2.jar;C:\Users\jose.guerreror\.m2\repository\com\fasterxml\jackson\dataformat\jackson-dataformat-xml\2.10.2\jackson-dataformat-xml-2.10.2.jar;C:\Users\jose.guerreror\.m2\repository\com\fasterxml\jackson\module\jackson-module-jaxb-annotations\2.10.2\jackson-module-jaxb-annotations-2.10.2.jar;C:\Users\jose.guerreror\.m2\repository\jakarta\xml\bind\jakarta.xml.bind-api\2.3.2\jakarta.xml.bind-api-2.3.2.jar;C:\Users\jose.guerreror\.m2\repository\jakarta\activation\jakarta.activation-api\1.2.1\jakarta.activation-api-1.2.1.jar;C:\Users\jose.guerreror\.m2\repository\org\codehaus\woodstox\stax2-api\4.2\stax2-api-4.2.jar;C:\Users\jose.guerreror\.m2\repository\com\fasterxml\woodstox\woodstox-core\6.0.3\woodstox-core-6.0.3.jar;C:\Users\jose.guerreror\.m2\repository\io\swagger\swagger-core\1.5.9\swagger-core-1.5.9.jar;C:\Users\jose.guerreror\.m2\repository\org\apache\commons\commons-lang3\3.9\commons-lang3-3.9.jar;C:\Users\jose.guerreror\.m2\repository\com\fasterxml\jackson\datatype\jackson-datatype-joda\2.10.2\jackson-datatype-joda-2.10.2.jar;C:\Users\jose.guerreror\.m2\repository\joda-time\joda-time\2.10.5\joda-time-2.10.5.jar;C:\Users\jose.guerreror\.m2\repository\javax\validation\validation-api\2.0.1.Final\validation-api-2.0.1.Final.jar;C:\Users\jose.guerreror\.m2\repository\javax\ws\rs\jsr311-api\1.1.1\jsr311-api-1.1.1.jar;C:\Users\jose.guerreror\.m2\repository\org\reflections\reflections\0.9.10\reflections-0.9.10.jar;C:\Users\jose.guerreror\.m2\repository\org\javassist\javassist\3.19.0-GA\javassist-3.19.0-GA.jar;C:\Users\jose.guerreror\.m2\repository\com\google\code\findbugs\annotations\2.0.1\annotations-2.0.1.jar;C:\Users\jose.guerreror\.m2\repository\com\fasterxml\jackson\jaxrs\jackson-jaxrs-json-provider\2.10.2\jackson-jaxrs-json-provider-2.10.2.jar;C:\Users\jose.guerreror\.m2\repository\com\fasterxml\jackson\jaxrs\jackson-jaxrs-base\2.10.2\jackson-jaxrs-base-2.10.2.jar;C:\Users\jose.guerreror\.m2\repository\com\sun\jersey\contribs\jersey-multipart\1.13\jersey-multipart-1.13.jar;C:\Users\jose.guerreror\.m2\repository\org\jvnet\mimepull\1.6\mimepull-1.6.jar;C:\Users\jose.guerreror\.m2\repository\com\sun\jersey\jersey-servlet\1.13\jersey-servlet-1.13.jar;C:\Users\jose.guerreror\.m2\repository\com\sun\jersey\jersey-client\1.13\jersey-client-1.13.jar;C:\Users\jose.guerreror\.m2\repository\com\sun\jersey\jersey-core\1.13\jersey-core-1.13.jar;C:\Users\jose.guerreror\.m2\repository\com\sun\jersey\jersey-server\1.13\jersey-server-1.13.jar;C:\Users\jose.guerreror\.m2\repository\asm\asm\3.1\asm-3.1.jar;C:\Users\jose.guerreror\.m2\repository\io\springfox\springfox-swagger2\2.5.0\springfox-swagger2-2.5.0.jar;C:\Users\jose.guerreror\.m2\repository\io\swagger\swagger-annotations\1.5.9\swagger-annotations-1.5.9.jar;C:\Users\jose.guerreror\.m2\repository\io\swagger\swagger-models\1.5.9\swagger-models-1.5.9.jar;C:\Users\jose.guerreror\.m2\repository\com\fasterxml\jackson\core\jackson-annotations\2.10.2\jackson-annotations-2.10.2.jar;C:\Users\jose.guerreror\.m2\repository\io\springfox\springfox-spi\2.5.0\springfox-spi-2.5.0.jar;C:\Users\jose.guerreror\.m2\repository\io\springfox\springfox-core\2.5.0\springfox-core-2.5.0.jar;C:\Users\jose.guerreror\.m2\repository\io\springfox\springfox-schema\2.5.0\springfox-schema-2.5.0.jar;C:\Users\jose.guerreror\.m2\repository\io\springfox\springfox-swagger-common\2.5.0\springfox-swagger-common-2.5.0.jar;C:\Users\jose.guerreror\.m2\repository\io\springfox\springfox-spring-web\2.5.0\springfox-spring-web-2.5.0.jar;C:\Users\jose.guerreror\.m2\repository\com\google\guava\guava\18.0\guava-18.0.jar;C:\Users\jose.guerreror\.m2\repository\com\fasterxml\classmate\1.5.1\classmate-1.5.1.jar;C:\Users\jose.guerreror\.m2\repository\org\slf4j\slf4j-api\1.7.30\slf4j-api-1.7.30.jar;C:\Users\jose.guerreror\.m2\repository\org\springframework\plugin\spring-plugin-core\1.2.0.RELEASE\spring-plugin-core-1.2.0.RELEASE.jar;C:\Users\jose.guerreror\.m2\repository\org\springframework\plugin\spring-plugin-metadata\1.2.0.RELEASE\spring-plugin-metadata-1.2.0.RELEASE.jar;C:\Users\jose.guerreror\.m2\repository\org\mapstruct\mapstruct\1.0.0.Final\mapstruct-1.0.0.Final.jar;C:\Users\jose.guerreror\.m2\repository\io\springfox\springfox-swagger-ui\2.5.0\springfox-swagger-ui-2.5.0.jar;"/>
    <property name="java.vm.vendor" value="Oracle Corporation"/>
    <property name="sun.arch.data.model" value="64"/>
    <property name="user.variant" value=""/>
    <property name="java.vendor.url" value="http://java.oracle.com/"/>
    <property name="user.timezone" value="America/Bogota"/>
    <property name="java.vm.specification.version" value="1.8"/>
    <property name="os.name" value="Windows 10"/>
    <property name="user.country" value="ES"/>
    <property name="sun.java.launcher" value="SUN_STANDARD"/>
    <property name="sun.boot.library.path" value="C:\Program Files\Java\jdk1.8.0_241\jre\bin"/>
    <property name="sun.java.command" value="C:\Users\JOSE~1.GUE\AppData\Local\Temp\surefire1589322427255950370\surefirebooter236021631962946037.jar C:\Users\jose.guerreror\AppData\Local\Temp\surefire1589322427255950370 2020-03-03T20-10-07_911-jvmRun1 surefire546567350942881089tmp surefire_06226017934804762037tmp"/>
    <property name="surefire.test.class.path" value="D:\MITOCODE\devops\poyecto final\trabajo-final\app\target\test-classes;D:\MITOCODE\devops\poyecto final\trabajo-final\app\target\classes;C:\Users\jose.guerreror\.m2\repository\org\springframework\boot\spring-boot-starter-web\2.2.4.RELEASE\spring-boot-starter-web-2.2.4.RELEASE.jar;C:\Users\jose.guerreror\.m2\repository\org\springframework\boot\spring-boot-starter\2.2.4.RELEASE\spring-boot-starter-2.2.4.RELEASE.jar;C:\Users\jose.guerreror\.m2\repository\org\springframework\boot\spring-boot\2.2.4.RELEASE\spring-boot-2.2.4.RELEASE.jar;C:\Users\jose.guerreror\.m2\repository\org\springframework\boot\spring-boot-autoconfigure\2.2.4.RELEASE\spring-boot-autoconfigure-2.2.4.RELEASE.jar;C:\Users\jose.guerreror\.m2\repository\org\springframework\boot\spring-boot-starter-logging\2.2.4.RELEASE\spring-boot-starter-logging-2.2.4.RELEASE.jar;C:\Users\jose.guerreror\.m2\repository\ch\qos\logback\logback-classic\1.2.3\logback-classic-1.2.3.jar;C:\Users\jose.guerreror\.m2\repository\ch\qos\logback\logback-core\1.2.3\logback-core-1.2.3.jar;C:\Users\jose.guerreror\.m2\repository\org\apache\logging\log4j\log4j-to-slf4j\2.12.1\log4j-to-slf4j-2.12.1.jar;C:\Users\jose.guerreror\.m2\repository\org\apache\logging\log4j\log4j-api\2.12.1\log4j-api-2.12.1.jar;C:\Users\jose.guerreror\.m2\repository\org\slf4j\jul-to-slf4j\1.7.30\jul-to-slf4j-1.7.30.jar;C:\Users\jose.guerreror\.m2\repository\jakarta\annotation\jakarta.annotation-api\1.3.5\jakarta.annotation-api-1.3.5.jar;C:\Users\jose.guerreror\.m2\repository\org\yaml\snakeyaml\1.25\snakeyaml-1.25.jar;C:\Users\jose.guerreror\.m2\repository\org\springframework\boot\spring-boot-starter-json\2.2.4.RELEASE\spring-boot-starter-json-2.2.4.RELEASE.jar;C:\Users\jose.guerreror\.m2\repository\com\fasterxml\jackson\core\jackson-databind\2.10.2\jackson-databind-2.10.2.jar;C:\Users\jose.guerreror\.m2\repository\com\fasterxml\jackson\core\jackson-core\2.10.2\jackson-core-2.10.2.jar;C:\Users\jose.guerreror\.m2\repository\com\fasterxml\jackson\datatype\jackson-datatype-jdk8\2.10.2\jackson-datatype-jdk8-2.10.2.jar;C:\Users\jose.guerreror\.m2\repository\com\fasterxml\jackson\datatype\jackson-datatype-jsr310\2.10.2\jackson-datatype-jsr310-2.10.2.jar;C:\Users\jose.guerreror\.m2\repository\com\fasterxml\jackson\module\jackson-module-parameter-names\2.10.2\jackson-module-parameter-names-2.10.2.jar;C:\Users\jose.guerreror\.m2\repository\org\springframework\boot\spring-boot-starter-tomcat\2.2.4.RELEASE\spring-boot-starter-tomcat-2.2.4.RELEASE.jar;C:\Users\jose.guerreror\.m2\repository\org\apache\tomcat\embed\tomcat-embed-core\9.0.30\tomcat-embed-core-9.0.30.jar;C:\Users\jose.guerreror\.m2\repository\org\apache\tomcat\embed\tomcat-embed-el\9.0.30\tomcat-embed-el-9.0.30.jar;C:\Users\jose.guerreror\.m2\repository\org\apache\tomcat\embed\tomcat-embed-websocket\9.0.30\tomcat-embed-websocket-9.0.30.jar;C:\Users\jose.guerreror\.m2\repository\org\springframework\boot\spring-boot-starter-validation\2.2.4.RELEASE\spring-boot-starter-validation-2.2.4.RELEASE.jar;C:\Users\jose.guerreror\.m2\repository\jakarta\validation\jakarta.validation-api\2.0.2\jakarta.validation-api-2.0.2.jar;C:\Users\jose.guerreror\.m2\repository\org\hibernate\validator\hibernate-validator\6.0.18.Final\hibernate-validator-6.0.18.Final.jar;C:\Users\jose.guerreror\.m2\repository\org\jboss\logging\jboss-logging\3.4.1.Final\jboss-logging-3.4.1.Final.jar;C:\Users\jose.guerreror\.m2\repository\org\springframework\spring-web\5.2.3.RELEASE\spring-web-5.2.3.RELEASE.jar;C:\Users\jose.guerreror\.m2\repository\org\springframework\spring-beans\5.2.3.RELEASE\spring-beans-5.2.3.RELEASE.jar;C:\Users\jose.guerreror\.m2\repository\org\springframework\spring-webmvc\5.2.3.RELEASE\spring-webmvc-5.2.3.RELEASE.jar;C:\Users\jose.guerreror\.m2\repository\org\springframework\spring-aop\5.2.3.RELEASE\spring-aop-5.2.3.RELEASE.jar;C:\Users\jose.guerreror\.m2\repository\org\springframework\spring-context\5.2.3.RELEASE\spring-context-5.2.3.RELEASE.jar;C:\Users\jose.guerreror\.m2\repository\org\springframework\spring-expression\5.2.3.RELEASE\spring-expression-5.2.3.RELEASE.jar;C:\Users\jose.guerreror\.m2\repository\org\springframework\boot\spring-boot-starter-test\2.1.6.RELEASE\spring-boot-starter-test-2.1.6.RELEASE.jar;C:\Users\jose.guerreror\.m2\repository\org\springframework\boot\spring-boot-test\2.2.4.RELEASE\spring-boot-test-2.2.4.RELEASE.jar;C:\Users\jose.guerreror\.m2\repository\org\springframework\boot\spring-boot-test-autoconfigure\2.2.4.RELEASE\spring-boot-test-autoconfigure-2.2.4.RELEASE.jar;C:\Users\jose.guerreror\.m2\repository\com\jayway\jsonpath\json-path\2.4.0\json-path-2.4.0.jar;C:\Users\jose.guerreror\.m2\repository\net\minidev\json-smart\2.3\json-smart-2.3.jar;C:\Users\jose.guerreror\.m2\repository\net\minidev\accessors-smart\1.2\accessors-smart-1.2.jar;C:\Users\jose.guerreror\.m2\repository\org\ow2\asm\asm\5.0.4\asm-5.0.4.jar;C:\Users\jose.guerreror\.m2\repository\junit\junit\4.12\junit-4.12.jar;C:\Users\jose.guerreror\.m2\repository\org\assertj\assertj-core\3.13.2\assertj-core-3.13.2.jar;C:\Users\jose.guerreror\.m2\repository\org\mockito\mockito-core\3.1.0\mockito-core-3.1.0.jar;C:\Users\jose.guerreror\.m2\repository\net\bytebuddy\byte-buddy\1.10.6\byte-buddy-1.10.6.jar;C:\Users\jose.guerreror\.m2\repository\net\bytebuddy\byte-buddy-agent\1.10.6\byte-buddy-agent-1.10.6.jar;C:\Users\jose.guerreror\.m2\repository\org\objenesis\objenesis\2.6\objenesis-2.6.jar;C:\Users\jose.guerreror\.m2\repository\org\hamcrest\hamcrest-core\2.1\hamcrest-core-2.1.jar;C:\Users\jose.guerreror\.m2\repository\org\hamcrest\hamcrest\2.1\hamcrest-2.1.jar;C:\Users\jose.guerreror\.m2\repository\org\hamcrest\hamcrest-library\2.1\hamcrest-library-2.1.jar;C:\Users\jose.guerreror\.m2\repository\org\skyscreamer\jsonassert\1.5.0\jsonassert-1.5.0.jar;C:\Users\jose.guerreror\.m2\repository\com\vaadin\external\google\android-json\0.0.20131108.vaadin1\android-json-0.0.20131108.vaadin1.jar;C:\Users\jose.guerreror\.m2\repository\org\springframework\spring-core\5.2.3.RELEASE\spring-core-5.2.3.RELEASE.jar;C:\Users\jose.guerreror\.m2\repository\org\springframework\spring-jcl\5.2.3.RELEASE\spring-jcl-5.2.3.RELEASE.jar;C:\Users\jose.guerreror\.m2\repository\org\springframework\spring-test\5.2.3.RELEASE\spring-test-5.2.3.RELEASE.jar;C:\Users\jose.guerreror\.m2\repository\org\xmlunit\xmlunit-core\2.6.3\xmlunit-core-2.6.3.jar;C:\Users\jose.guerreror\.m2\repository\io\swagger\swagger-jersey-jaxrs\1.5.9\swagger-jersey-jaxrs-1.5.9.jar;C:\Users\jose.guerreror\.m2\repository\io\swagger\swagger-jaxrs\1.5.9\swagger-jaxrs-1.5.9.jar;C:\Users\jose.guerreror\.m2\repository\com\fasterxml\jackson\dataformat\jackson-dataformat-yaml\2.10.2\jackson-dataformat-yaml-2.10.2.jar;C:\Users\jose.guerreror\.m2\repository\com\fasterxml\jackson\dataformat\jackson-dataformat-xml\2.10.2\jackson-dataformat-xml-2.10.2.jar;C:\Users\jose.guerreror\.m2\repository\com\fasterxml\jackson\module\jackson-module-jaxb-annotations\2.10.2\jackson-module-jaxb-annotations-2.10.2.jar;C:\Users\jose.guerreror\.m2\repository\jakarta\xml\bind\jakarta.xml.bind-api\2.3.2\jakarta.xml.bind-api-2.3.2.jar;C:\Users\jose.guerreror\.m2\repository\jakarta\activation\jakarta.activation-api\1.2.1\jakarta.activation-api-1.2.1.jar;C:\Users\jose.guerreror\.m2\repository\org\codehaus\woodstox\stax2-api\4.2\stax2-api-4.2.jar;C:\Users\jose.guerreror\.m2\repository\com\fasterxml\woodstox\woodstox-core\6.0.3\woodstox-core-6.0.3.jar;C:\Users\jose.guerreror\.m2\repository\io\swagger\swagger-core\1.5.9\swagger-core-1.5.9.jar;C:\Users\jose.guerreror\.m2\repository\org\apache\commons\commons-lang3\3.9\commons-lang3-3.9.jar;C:\Users\jose.guerreror\.m2\repository\com\fasterxml\jackson\datatype\jackson-datatype-joda\2.10.2\jackson-datatype-joda-2.10.2.jar;C:\Users\jose.guerreror\.m2\repository\joda-time\joda-time\2.10.5\joda-time-2.10.5.jar;C:\Users\jose.guerreror\.m2\repository\javax\validation\validation-api\2.0.1.Final\validation-api-2.0.1.Final.jar;C:\Users\jose.guerreror\.m2\repository\javax\ws\rs\jsr311-api\1.1.1\jsr311-api-1.1.1.jar;C:\Users\jose.guerreror\.m2\repository\org\reflections\reflections\0.9.10\reflections-0.9.10.jar;C:\Users\jose.guerreror\.m2\repository\org\javassist\javassist\3.19.0-GA\javassist-3.19.0-GA.jar;C:\Users\jose.guerreror\.m2\repository\com\google\code\findbugs\annotations\2.0.1\annotations-2.0.1.jar;C:\Users\jose.guerreror\.m2\repository\com\fasterxml\jackson\jaxrs\jackson-jaxrs-json-provider\2.10.2\jackson-jaxrs-json-provider-2.10.2.jar;C:\Users\jose.guerreror\.m2\repository\com\fasterxml\jackson\jaxrs\jackson-jaxrs-base\2.10.2\jackson-jaxrs-base-2.10.2.jar;C:\Users\jose.guerreror\.m2\repository\com\sun\jersey\contribs\jersey-multipart\1.13\jersey-multipart-1.13.jar;C:\Users\jose.guerreror\.m2\repository\org\jvnet\mimepull\1.6\mimepull-1.6.jar;C:\Users\jose.guerreror\.m2\repository\com\sun\jersey\jersey-servlet\1.13\jersey-servlet-1.13.jar;C:\Users\jose.guerreror\.m2\repository\com\sun\jersey\jersey-client\1.13\jersey-client-1.13.jar;C:\Users\jose.guerreror\.m2\repository\com\sun\jersey\jersey-core\1.13\jersey-core-1.13.jar;C:\Users\jose.guerreror\.m2\repository\com\sun\jersey\jersey-server\1.13\jersey-server-1.13.jar;C:\Users\jose.guerreror\.m2\repository\asm\asm\3.1\asm-3.1.jar;C:\Users\jose.guerreror\.m2\repository\io\springfox\springfox-swagger2\2.5.0\springfox-swagger2-2.5.0.jar;C:\Users\jose.guerreror\.m2\repository\io\swagger\swagger-annotations\1.5.9\swagger-annotations-1.5.9.jar;C:\Users\jose.guerreror\.m2\repository\io\swagger\swagger-models\1.5.9\swagger-models-1.5.9.jar;C:\Users\jose.guerreror\.m2\repository\com\fasterxml\jackson\core\jackson-annotations\2.10.2\jackson-annotations-2.10.2.jar;C:\Users\jose.guerreror\.m2\repository\io\springfox\springfox-spi\2.5.0\springfox-spi-2.5.0.jar;C:\Users\jose.guerreror\.m2\repository\io\springfox\springfox-core\2.5.0\springfox-core-2.5.0.jar;C:\Users\jose.guerreror\.m2\repository\io\springfox\springfox-schema\2.5.0\springfox-schema-2.5.0.jar;C:\Users\jose.guerreror\.m2\repository\io\springfox\springfox-swagger-common\2.5.0\springfox-swagger-common-2.5.0.jar;C:\Users\jose.guerreror\.m2\repository\io\springfox\springfox-spring-web\2.5.0\springfox-spring-web-2.5.0.jar;C:\Users\jose.guerreror\.m2\repository\com\google\guava\guava\18.0\guava-18.0.jar;C:\Users\jose.guerreror\.m2\repository\com\fasterxml\classmate\1.5.1\classmate-1.5.1.jar;C:\Users\jose.guerreror\.m2\repository\org\slf4j\slf4j-api\1.7.30\slf4j-api-1.7.30.jar;C:\Users\jose.guerreror\.m2\repository\org\springframework\plugin\spring-plugin-core\1.2.0.RELEASE\spring-plugin-core-1.2.0.RELEASE.jar;C:\Users\jose.guerreror\.m2\repository\org\springframework\plugin\spring-plugin-metadata\1.2.0.RELEASE\spring-plugin-metadata-1.2.0.RELEASE.jar;C:\Users\jose.guerreror\.m2\repository\org\mapstruct\mapstruct\1.0.0.Final\mapstruct-1.0.0.Final.jar;C:\Users\jose.guerreror\.m2\repository\io\springfox\springfox-swagger-ui\2.5.0\springfox-swagger-ui-2.5.0.jar;"/>
    <property name="sun.cpu.endian" value="little"/>
    <property name="user.home" value="C:\Users\jose.guerreror"/>
    <property name="user.language" value="es"/>
    <property name="java.specification.vendor" value="Oracle Corporation"/>
    <property name="java.home" value="C:\Program Files\Java\jdk1.8.0_241\jre"/>
    <property name="basedir" value="D:\MITOCODE\devops\poyecto final\trabajo-final\app"/>
    <property name="file.separator" value="\"/>
    <property name="line.separator" value="&#10;"/>
    <property name="java.vm.specification.vendor" value="Oracle Corporation"/>
    <property name="java.specification.name" value="Java Platform API Specification"/>
    <property name="java.awt.graphicsenv" value="sun.awt.Win32GraphicsEnvironment"/>
    <property name="surefire.real.class.path" value="C:\Users\JOSE~1.GUE\AppData\Local\Temp\surefire1589322427255950370\surefirebooter236021631962946037.jar"/>
    <property name="sun.boot.class.path" value="C:\Program Files\Java\jdk1.8.0_241\jre\lib\resources.jar;C:\Program Files\Java\jdk1.8.0_241\jre\lib\rt.jar;C:\Program Files\Java\jdk1.8.0_241\jre\lib\sunrsasign.jar;C:\Program Files\Java\jdk1.8.0_241\jre\lib\jsse.jar;C:\Program Files\Java\jdk1.8.0_241\jre\lib\jce.jar;C:\Program Files\Java\jdk1.8.0_241\jre\lib\charsets.jar;C:\Program Files\Java\jdk1.8.0_241\jre\lib\jfr.jar;C:\Program Files\Java\jdk1.8.0_241\jre\classes"/>
    <property name="user.script" value=""/>
    <property name="sun.management.compiler" value="HotSpot 64-Bit Tiered Compilers"/>
    <property name="java.runtime.version" value="1.8.0_241-b07"/>
    <property name="user.name" value="jose.guerreror"/>
    <property name="path.separator" value=";"/>
    <property name="os.version" value="10.0"/>
    <property name="java.endorsed.dirs" value="C:\Program Files\Java\jdk1.8.0_241\jre\lib\endorsed"/>
    <property name="java.runtime.name" value="Java(TM) SE Runtime Environment"/>
    <property name="file.encoding" value="Cp1252"/>
    <property name="java.vm.name" value="Java HotSpot(TM) 64-Bit Server VM"/>
    <property name="localRepository" value="C:\Users\jose.guerreror\.m2\repository"/>
    <property name="java.vendor.url.bug" value="http://bugreport.sun.com/bugreport/"/>
    <property name="java.io.tmpdir" value="C:\Users\JOSE~1.GUE\AppData\Local\Temp\"/>
    <property name="java.version" value="1.8.0_241"/>
    <property name="user.dir" value="D:\MITOCODE\devops\poyecto final\trabajo-final\app"/>
    <property name="os.arch" value="amd64"/>
    <property name="java.vm.specification.name" value="Java Virtual Machine Specification"/>
    <property name="java.awt.printerjob" value="sun.awt.windows.WPrinterJob"/>
    <property name="sun.os.patch.level" value=""/>
    <property name="java.library.path" value="C:\Program Files\Java\jdk1.8.0_241\jre\bin;C:\WINDOWS\Sun\Java\bin;C:\WINDOWS\system32;C:\WINDOWS;C:\Users\jose.guerreror\bin;C:\Program Files\Git\mingw64\bin;C:\Program Files\Git\usr\local\bin;C:\Program Files\Git\usr\bin;C:\Program Files\Git\usr\bin;C:\Program Files\Git\mingw64\bin;C:\Program Files\Git\usr\bin;C:\Users\jose.guerreror\bin;C:\Python27;C:\Python27\Scripts;C:\Program Files (x86)\ActiveState Komodo IDE 11;C:\Perl64\site\bin;C:\Perl64\bin;C:\sybase\DataAccess\ADONET\dll;C:\sybase\DataAccess\OLEDB\dll;C:\sybase\DataAccess\ODBC\dll;C:\sybase\OCS-15_0\lib3p;C:\sybase\OCS-15_0\dll;C:\sybase\OCS-15_0\bin;C:\Program Files (x86)\Intel\Intel(R) Management Engine Components\iCLS;C:\Program Files\Intel\Intel(R) Management Engine Components\iCLS;C:\Windows\system32;C:\Windows;C:\Windows\System32\Wbem;C:\Windows\System32\WindowsPowerShell\v1.0;C:\Windows\System32\OpenSSH;C:\Program Files (x86)\Intel\Intel(R) Management Engine Components\DAL;C:\Program Files\Intel\Intel(R) Management Engine Components\DAL;C:\Program Files (x86)\Intel\Intel(R) Management Engine Components\IPT;C:\Program Files\Intel\Intel(R) Management Engine Components\IPT;C:\Users\Admin\AppData\Local\Microsoft\WindowsApps;C:\sybase\DBISQL\bin;C:\Program Files\Microsoft SQL Server\120\DTS\Binn;C:\Program Files\Microsoft SQL Server\Client SDK\ODBC\110\Tools\Binn;C:\Program Files (x86)\Microsoft SQL Server\120\Tools\Binn;C:\Program Files\Microsoft SQL Server\120\Tools\Binn;C:\Program Files (x86)\Microsoft SQL Server\120\Tools\Binn\ManagementStudio;C:\Program Files (x86)\Microsoft SQL Server\120\DTS\Binn;C:\WINDOWS\system32\config\systemprofile\.dnx\bin;C:\Program Files\Microsoft DNX\Dnvm;C:\Program Files\Microsoft SQL Server\130\Tools\Binn;C:\Program Files\dotnet;C:\Program Files\Microsoft SQL Server\Client SDK\ODBC\170\Tools\Binn;C:\Program Files\Git\cmd;C:\WINDOWS\system32;C:\WINDOWS;C:\WINDOWS\System32\Wbem;C:\WINDOWS\System32\WindowsPowerShell\v1.0;C:\WINDOWS\System32\OpenSSH;C:\Program Files\nodejs;C:\ProgramData\chocolatey\bin;C:\Program Files\Microsoft\Web Platform Installer;C:\Program Files\Docker\Docker\resources\bin;C:\ProgramData\DockerDesktop\version-bin;C:\Program Files\Java\jdk1.8.0_241\bin;C:\Users\jose.guerreror\AppData\Local\Microsoft\WindowsApps;C:\Users\jose.guerreror\AppData\Local\Programs\Microsoft VS Code\bin;C:\Users\jose.guerreror\.dotnet\tools;C:\Users\jose.guerreror\AppData\Local\Microsoft\WindowsApps;C:\Users\jose.guerreror\AppData\Roaming\npm;C:\Program Files\apache-maven-3.6.3\bin;C:\Program Files\Git\usr\bin\vendor_perl;C:\Program Files\Git\usr\bin\core_perl;."/>
    <property name="java.vm.info" value="mixed mode"/>
    <property name="java.vendor" value="Oracle Corporation"/>
    <property name="java.vm.version" value="25.241-b07"/>
    <property name="java.ext.dirs" value="C:\Program Files\Java\jdk1.8.0_241\jre\lib\ext;C:\WINDOWS\Sun\Java\lib\ext"/>
    <property name="sun.io.unicode.encoding" value="UnicodeLittle"/>
    <property name="java.class.version" value="52.0"/>
  </properties>
  <testcase name="shouldReturnDivResult" classname="com.mitocode.calculator.SimpleCalculatorControllerTest" time="0.403"/>
  <testcase name="shouldReturnMulResult" classname="com.mitocode.calculator.SimpleCalculatorControllerTest" time="0.004"/>
  <testcase name="shouldReturnSubResult" classname="com.mitocode.calculator.SimpleCalculatorControllerTest" time="0.004"/>
  <testcase name="shouldReturnAddResult" classname="com.mitocode.calculator.SimpleCalculatorControllerTest" time="0.006"/>
  <testcase name="shouldReturnMessageWhoAmI" classname="com.mitocode.calculator.SimpleCalculatorControllerTest" time="0.005"/>
</testsuite>